<!DOCTYPE html PUBLIC "-//W3C//DTD XHTML 1.1//EN" "https://www.w3.org/TR/xhtml11/DTD/xhtml11.dtd">
<html xmlns="https://www.w3.org/1999/xhtml">
<head>
<meta http-equiv="content-type" content="text/html; charset=UTF-8"/>
<title>TestNG Report</title>
<style type="text/css">table {margin-bottom:10px;border-collapse:collapse;empty-cells:show}th,td {border:1px solid #009;padding:.25em .5em}th {vertical-align:bottom}td {vertical-align:top}table a {font-weight:bold}.stripe td {background-color: #E6EBF9}.num {text-align:right}.passedodd td {background-color: #3F3}.passedeven td {background-color: #0A0}.skippedodd td {background-color: #DDD}.skippedeven td {background-color: #CCC}.failedodd td,.attn {background-color: #F33}.failedeven td,.stripe .attn {background-color: #D00}.stacktrace {white-space:pre;font-family:monospace}.totop {font-size:85%;text-align:center;border-bottom:2px solid #000}.invisible {display:none}</style>
</head>
<body>
<table>
<tr><th>Test</th><th># Passed</th><th># Skipped</th><th># Retried</th><th># Failed</th><th>Time (ms)</th><th>Included Groups</th><th>Excluded Groups</th></tr>
<tr><th colspan="8">Surefire suite</th></tr>
<tr><td><a href="#t0">Surefire test</a></td><td class="num">5</td><td class="num">0</td><td class="num">0</td><td class="num attn">6</td><td class="num">135.554</td><td></td><td></td></tr>
</table>
<table id='summary'><thead><tr><th>Class</th><th>Method</th><th>Start</th><th>Time (ms)</th></tr></thead><tbody><tr><th colspan="4">Surefire suite</th></tr></tbody><tbody id="t0"><tr><th colspan="4">Surefire test &#8212; failed</th></tr><tr class="failedeven"><td rowspan="2">tests.ChangeAmountTest</td><td><a href="#m0">ableToEditAmount</a></td><td rowspan="1">1744109937564</td><td rowspan="1">7417</td></tr><tr class="failedeven"><td><a href="#m1">verifyWelcomePageTour</a></td><td rowspan="1">1744109909889</td><td rowspan="1">11748</td></tr><tr class="failedodd"><td rowspan="2">tests.ChangeCategoryTest</td><td><a href="#m2">ableToEditCategory</a></td><td rowspan="1">1744109969537</td><td rowspan="1">5899</td></tr><tr class="failedodd"><td><a href="#m3">verifyWelcomePageTour</a></td><td rowspan="1">1744109946516</td><td rowspan="1">10674</td></tr><tr class="failedeven"><td rowspan="2">tests.NegativeTest</td><td><a href="#m4">ableToAddExpenseEntry</a></td><td rowspan="1">1744109987773</td><td rowspan="1">12647</td></tr><tr class="failedeven"><td><a href="#m5">verifyWelcomePageTour</a></td><td rowspan="1">1744109976840</td><td rowspan="1">10227</td></tr><tr><th colspan="4">Surefire test &#8212; passed</th></tr><tr class="passedeven"><td rowspan="3">tests.AddExpenseAndIncomeEntryTest</td><td><a href="#m6">ableToAddExpenseEntry</a></td><td rowspan="1">1744109881516</td><td rowspan="1">14321</td></tr><tr class="passedeven"><td><a href="#m7">ableToAddIncomeEntry</a></td><td rowspan="1">1744109895838</td><td rowspan="1">13245</td></tr><tr class="passedeven"><td><a href="#m8">verifyWelcomePageTour</a></td><td rowspan="1">1744109874420</td><td rowspan="1">7091</td></tr><tr class="passedodd"><td rowspan="1">tests.ChangeAmountTest</td><td><a href="#m9">ableToAddIncomeEntry</a></td><td rowspan="1">1744109922349</td><td rowspan="1">15214</td></tr><tr class="passedeven"><td rowspan="1">tests.ChangeCategoryTest</td><td><a href="#m10">ableToAddIncomeEntry</a></td><td rowspan="1">1744109957931</td><td rowspan="1">11605</td></tr></tbody>
</table>
<h2>Surefire test</h2><h3 id="m0">tests.ChangeAmountTest#ableToEditAmount</h3><table class="result"><tr><th>Exception</th></tr><tr><td><div class="stacktrace">java.lang.AssertionError: expected [£201.00] but found [£221.00]
	at tests.ChangeAmountTest.ableToEditAmount(ChangeAmountTest.java:72)
	at java.base/java.util.ArrayList.forEach(ArrayList.java:1597)
... Removed 36 stack frames</div></td></tr></table><p class="totop"><a href="#summary">back to summary</a></p>
<h3 id="m1">tests.ChangeAmountTest#verifyWelcomePageTour</h3><table class="result"><tr><th>Exception</th></tr><tr><td><div class="stacktrace">org.openqa.selenium.TimeoutException: Expected condition failed: waiting for visibility of element located by AppiumBy.id: com.monefy.app.lite:id/buttonContinue (tried for 10 second(s) with 500 milliseconds interval)
Build info: version: &apos;4.11.0&apos;, revision: &apos;040bc5406b&apos;
System info: os.name: &apos;Mac OS X&apos;, os.arch: &apos;aarch64&apos;, os.version: &apos;14.7.4&apos;, java.version: &apos;23.0.2&apos;
Driver info: io.appium.java_client.android.AndroidDriver
Capabilities {appium:appActivity: com.monefy.activities.main...., appium:appPackage: com.monefy.app.lite, appium:automationName: UiAutomator2, appium:databaseEnabled: false, appium:desired: {appActivity: com.monefy.activities.main...., appPackage: com.monefy.app.lite, automationName: UiAutomator2, deviceName: RZ8N90FLW7L, platformName: ANDROID, platformVersion: 12}, appium:deviceApiLevel: 31, appium:deviceManufacturer: samsung, appium:deviceModel: SM-M515F, appium:deviceName: RZ8N90FLW7L, appium:deviceScreenDensity: 420, appium:deviceScreenSize: 1080x2400, appium:deviceUDID: RZ8N90FLW7L, appium:javascriptEnabled: true, appium:locationContextEnabled: false, appium:networkConnectionEnabled: true, appium:pixelRatio: 2.625, appium:platformVersion: 12, appium:statBarHeight: 91, appium:takesScreenshot: true, appium:viewportRect: {height: 2309, left: 0, top: 91, width: 1080}, appium:warnings: {}, appium:webStorageEnabled: false, platformName: ANDROID}
Session ID: efc3bc15-f4c0-4b62-ae02-24d452d7b4cf
	at org.openqa.selenium.support.ui.WebDriverWait.timeoutException(WebDriverWait.java:84)
	at org.openqa.selenium.support.ui.FluentWait.until(FluentWait.java:230)
	at base.BasePage.waitForVisibility(BasePage.java:30)
	at base.BasePage.click(BasePage.java:34)
	at pages.WelcomePage.clickGetStartedButton(WelcomePage.java:14)
	at tests.ChangeAmountTest.verifyWelcomePageTour(ChangeAmountTest.java:42)
	at java.base/java.util.ArrayList.forEach(ArrayList.java:1597)
... Removed 30 stack frames</div></td></tr></table><p class="totop"><a href="#summary">back to summary</a></p>
<h3 id="m2">tests.ChangeCategoryTest#ableToEditCategory</h3><table class="result"><tr><th>Exception</th></tr><tr><td><div class="stacktrace">java.lang.AssertionError: expected [Deposits] but found [Salary]
	at tests.ChangeCategoryTest.ableToEditCategory(ChangeCategoryTest.java:69)
	at java.base/java.util.ArrayList.forEach(ArrayList.java:1597)
... Removed 36 stack frames</div></td></tr></table><p class="totop"><a href="#summary">back to summary</a></p>
<h3 id="m3">tests.ChangeCategoryTest#verifyWelcomePageTour</h3><table class="result"><tr><th>Exception</th></tr><tr><td><div class="stacktrace">org.openqa.selenium.TimeoutException: Expected condition failed: waiting for visibility of element located by AppiumBy.id: com.monefy.app.lite:id/buttonContinue (tried for 10 second(s) with 500 milliseconds interval)
Build info: version: &apos;4.11.0&apos;, revision: &apos;040bc5406b&apos;
System info: os.name: &apos;Mac OS X&apos;, os.arch: &apos;aarch64&apos;, os.version: &apos;14.7.4&apos;, java.version: &apos;23.0.2&apos;
Driver info: io.appium.java_client.android.AndroidDriver
Capabilities {appium:appActivity: com.monefy.activities.main...., appium:appPackage: com.monefy.app.lite, appium:automationName: UiAutomator2, appium:databaseEnabled: false, appium:desired: {appActivity: com.monefy.activities.main...., appPackage: com.monefy.app.lite, automationName: UiAutomator2, deviceName: RZ8N90FLW7L, platformName: ANDROID, platformVersion: 12}, appium:deviceApiLevel: 31, appium:deviceManufacturer: samsung, appium:deviceModel: SM-M515F, appium:deviceName: RZ8N90FLW7L, appium:deviceScreenDensity: 420, appium:deviceScreenSize: 1080x2400, appium:deviceUDID: RZ8N90FLW7L, appium:javascriptEnabled: true, appium:locationContextEnabled: false, appium:networkConnectionEnabled: true, appium:pixelRatio: 2.625, appium:platformVersion: 12, appium:statBarHeight: 91, appium:takesScreenshot: true, appium:viewportRect: {height: 2309, left: 0, top: 91, width: 1080}, appium:warnings: {}, appium:webStorageEnabled: false, platformName: ANDROID}
Session ID: efc3bc15-f4c0-4b62-ae02-24d452d7b4cf
	at org.openqa.selenium.support.ui.WebDriverWait.timeoutException(WebDriverWait.java:84)
	at org.openqa.selenium.support.ui.FluentWait.until(FluentWait.java:230)
	at base.BasePage.waitForVisibility(BasePage.java:30)
	at base.BasePage.click(BasePage.java:34)
	at pages.WelcomePage.clickGetStartedButton(WelcomePage.java:14)
	at tests.ChangeCategoryTest.verifyWelcomePageTour(ChangeCategoryTest.java:42)
	at java.base/java.util.ArrayList.forEach(ArrayList.java:1597)
... Removed 30 stack frames</div></td></tr></table><p class="totop"><a href="#summary">back to summary</a></p>
<h3 id="m4">tests.NegativeTest#ableToAddExpenseEntry</h3><table class="result"><tr><th>Exception</th></tr><tr><td><div class="stacktrace">java.lang.AssertionError: expected [Bills] but found [Salary]
	at tests.NegativeTest.ableToAddExpenseEntry(NegativeTest.java:56)
	at java.base/java.util.ArrayList.forEach(ArrayList.java:1597)
... Removed 36 stack frames</div></td></tr></table><p class="totop"><a href="#summary">back to summary</a></p>
<h3 id="m5">tests.NegativeTest#verifyWelcomePageTour</h3><table class="result"><tr><th>Exception</th></tr><tr><td><div class="stacktrace">org.openqa.selenium.TimeoutException: Expected condition failed: waiting for visibility of element located by AppiumBy.id: com.monefy.app.lite:id/buttonContinue (tried for 10 second(s) with 500 milliseconds interval)
Build info: version: &apos;4.11.0&apos;, revision: &apos;040bc5406b&apos;
System info: os.name: &apos;Mac OS X&apos;, os.arch: &apos;aarch64&apos;, os.version: &apos;14.7.4&apos;, java.version: &apos;23.0.2&apos;
Driver info: io.appium.java_client.android.AndroidDriver
Capabilities {appium:appActivity: com.monefy.activities.main...., appium:appPackage: com.monefy.app.lite, appium:automationName: UiAutomator2, appium:databaseEnabled: false, appium:desired: {appActivity: com.monefy.activities.main...., appPackage: com.monefy.app.lite, automationName: UiAutomator2, deviceName: RZ8N90FLW7L, platformName: ANDROID, platformVersion: 12}, appium:deviceApiLevel: 31, appium:deviceManufacturer: samsung, appium:deviceModel: SM-M515F, appium:deviceName: RZ8N90FLW7L, appium:deviceScreenDensity: 420, appium:deviceScreenSize: 1080x2400, appium:deviceUDID: RZ8N90FLW7L, appium:javascriptEnabled: true, appium:locationContextEnabled: false, appium:networkConnectionEnabled: true, appium:pixelRatio: 2.625, appium:platformVersion: 12, appium:statBarHeight: 91, appium:takesScreenshot: true, appium:viewportRect: {height: 2309, left: 0, top: 91, width: 1080}, appium:warnings: {}, appium:webStorageEnabled: false, platformName: ANDROID}
Session ID: efc3bc15-f4c0-4b62-ae02-24d452d7b4cf
	at org.openqa.selenium.support.ui.WebDriverWait.timeoutException(WebDriverWait.java:84)
	at org.openqa.selenium.support.ui.FluentWait.until(FluentWait.java:230)
	at base.BasePage.waitForVisibility(BasePage.java:30)
	at base.BasePage.click(BasePage.java:34)
	at pages.WelcomePage.clickGetStartedButton(WelcomePage.java:14)
	at tests.NegativeTest.verifyWelcomePageTour(NegativeTest.java:38)
	at java.base/java.util.ArrayList.forEach(ArrayList.java:1597)
... Removed 30 stack frames</div></td></tr></table><p class="totop"><a href="#summary">back to summary</a></p>
<h3 id="m6">tests.AddExpenseAndIncomeEntryTest#ableToAddExpenseEntry</h3><table class="result"><tr><th class="invisible"/></tr></table><p class="totop"><a href="#summary">back to summary</a></p>
<h3 id="m7">tests.AddExpenseAndIncomeEntryTest#ableToAddIncomeEntry</h3><table class="result"><tr><th class="invisible"/></tr></table><p class="totop"><a href="#summary">back to summary</a></p>
<h3 id="m8">tests.AddExpenseAndIncomeEntryTest#verifyWelcomePageTour</h3><table class="result"><tr><th class="invisible"/></tr></table><p class="totop"><a href="#summary">back to summary</a></p>
<h3 id="m9">tests.ChangeAmountTest#ableToAddIncomeEntry</h3><table class="result"><tr><th class="invisible"/></tr></table><p class="totop"><a href="#summary">back to summary</a></p>
<h3 id="m10">tests.ChangeCategoryTest#ableToAddIncomeEntry</h3><table class="result"><tr><th class="invisible"/></tr></table><p class="totop"><a href="#summary">back to summary</a></p>
</body>
</html>
