<?xml version="1.0" encoding="UTF-8"?>
<testng-results ignored="0" total="5" passed="4" failed="1" skipped="0">
  <reporter-output>
  </reporter-output>
  <suite started-at="2025-04-08T01:27:04 CEST" name="Surefire suite" finished-at="2025-04-08T01:27:05 CEST" duration-ms="843">
    <groups>
    </groups>
    <test started-at="2025-04-08T01:27:04 CEST" name="Surefire test" finished-at="2025-04-08T01:27:05 CEST" duration-ms="843">
      <class name="com.n26.FailedUserTest">
        <test-method signature="getUser_withInvalidData_errorInresponse()[pri:0, instance:com.n26.FailedUserTest@2893de87]" started-at="2025-04-08T01:27:05 CEST" name="getUser_withInvalidData_errorInresponse" finished-at="2025-04-08T01:27:05 CEST" duration-ms="12" status="FAIL">
          <exception class="java.lang.AssertionError">
            <message>
              <![CDATA[Actual value is 404 But Expected Value is : 200]]>
            </message>
            <full-stacktrace>
              <![CDATA[java.lang.AssertionError: Actual value is 404 But Expected Value is : 200
at org.testng.Assert.fail(Assert.java:110)
at com.n26.ApiActionsManager.RestAssuredActions.validateStatusCode(RestAssuredActions.java:143)
at com.n26.FailedUserTest.getUser_withInvalidData_errorInresponse(FailedUserTest.java:28)
at java.base/jdk.internal.reflect.DirectMethodHandleAccessor.invoke(DirectMethodHandleAccessor.java:103)
at java.base/java.lang.reflect.Method.invoke(Method.java:580)
at org.testng.internal.invokers.MethodInvocationHelper.invokeMethod(MethodInvocationHelper.java:135)
at org.testng.internal.invokers.TestInvoker.invokeMethod(TestInvoker.java:673)
at org.testng.internal.invokers.TestInvoker.invokeTestMethod(TestInvoker.java:220)
at org.testng.internal.invokers.MethodRunner.runInSequence(MethodRunner.java:50)
at org.testng.internal.invokers.TestInvoker$MethodInvocationAgent.invoke(TestInvoker.java:945)
at org.testng.internal.invokers.TestInvoker.invokeTestMethods(TestInvoker.java:193)
at org.testng.internal.invokers.TestMethodWorker.invokeTestMethods(TestMethodWorker.java:146)
at org.testng.internal.invokers.TestMethodWorker.run(TestMethodWorker.java:128)
at java.base/java.util.ArrayList.forEach(ArrayList.java:1597)
at org.testng.TestRunner.privateRun(TestRunner.java:808)
at org.testng.TestRunner.run(TestRunner.java:603)
at org.testng.SuiteRunner.runTest(SuiteRunner.java:429)
at org.testng.SuiteRunner.runSequentially(SuiteRunner.java:423)
at org.testng.SuiteRunner.privateRun(SuiteRunner.java:383)
at org.testng.SuiteRunner.run(SuiteRunner.java:326)
at org.testng.SuiteRunnerWorker.runSuite(SuiteRunnerWorker.java:52)
at org.testng.SuiteRunnerWorker.run(SuiteRunnerWorker.java:95)
at org.testng.TestNG.runSuitesSequentially(TestNG.java:1249)
at org.testng.TestNG.runSuitesLocally(TestNG.java:1169)
at org.testng.TestNG.runSuites(TestNG.java:1092)
at org.testng.TestNG.run(TestNG.java:1060)
at org.apache.maven.surefire.testng.TestNGExecutor.run(TestNGExecutor.java:155)
at org.apache.maven.surefire.testng.TestNGDirectoryTestSuite.executeMulti(TestNGDirectoryTestSuite.java:169)
at org.apache.maven.surefire.testng.TestNGDirectoryTestSuite.execute(TestNGDirectoryTestSuite.java:88)
at org.apache.maven.surefire.testng.TestNGProvider.invoke(TestNGProvider.java:137)
at org.apache.maven.surefire.booter.ForkedBooter.runSuitesInProcess(ForkedBooter.java:385)
at org.apache.maven.surefire.booter.ForkedBooter.execute(ForkedBooter.java:162)
at org.apache.maven.surefire.booter.ForkedBooter.run(ForkedBooter.java:507)
at org.apache.maven.surefire.booter.ForkedBooter.main(ForkedBooter.java:495)
]]>
            </full-stacktrace>
          </exception> <!-- java.lang.AssertionError -->
          <reporter-output>
          </reporter-output>
        </test-method> <!-- getUser_withInvalidData_errorInresponse -->
        <test-method is-config="true" signature="beforeMethod(java.lang.reflect.Method)[pri:0, instance:com.n26.FailedUserTest@2893de87]" started-at="2025-04-08T01:27:05 CEST" name="beforeMethod" finished-at="2025-04-08T01:27:05 CEST" duration-ms="0" status="PASS">
          <params>
            <param index="0">
              <value>
                <![CDATA[public void com.n26.FailedUserTest.getUser_withInvalidData_errorInresponse()]]>
              </value>
            </param>
          </params>
          <reporter-output>
          </reporter-output>
        </test-method> <!-- beforeMethod -->
        <test-method is-config="true" signature="tearDown()[pri:0, instance:com.n26.FailedUserTest@2893de87]" started-at="2025-04-08T01:27:05 CEST" name="tearDown" finished-at="2025-04-08T01:27:05 CEST" duration-ms="4" status="PASS">
          <reporter-output>
          </reporter-output>
        </test-method> <!-- tearDown -->
      </class> <!-- com.n26.FailedUserTest -->
      <class name="com.n26.UserTests">
        <test-method is-config="true" signature="beforeMethod(java.lang.reflect.Method)[pri:0, instance:com.n26.UserTests@145eaa29]" started-at="2025-04-08T01:27:04 CEST" name="beforeMethod" finished-at="2025-04-08T01:27:04 CEST" duration-ms="3" status="PASS">
          <params>
            <param index="0">
              <value>
                <![CDATA[public void com.n26.UserTests.createUser_withValidData_shouldCreatedSuccessfully()]]>
              </value>
            </param>
          </params>
          <reporter-output>
          </reporter-output>
        </test-method> <!-- beforeMethod -->
        <test-method signature="createUser_withValidData_shouldCreatedSuccessfully()[pri:0, instance:com.n26.UserTests@145eaa29]" started-at="2025-04-08T01:27:04 CEST" name="createUser_withValidData_shouldCreatedSuccessfully" finished-at="2025-04-08T01:27:05 CEST" duration-ms="614" status="PASS">
          <reporter-output>
          </reporter-output>
        </test-method> <!-- createUser_withValidData_shouldCreatedSuccessfully -->
        <test-method is-config="true" signature="tearDown()[pri:0, instance:com.n26.UserTests@145eaa29]" started-at="2025-04-08T01:27:05 CEST" name="tearDown" finished-at="2025-04-08T01:27:05 CEST" duration-ms="99" status="PASS">
          <reporter-output>
          </reporter-output>
        </test-method> <!-- tearDown -->
        <test-method signature="getUserDetail_ByValidUsername()[pri:1, instance:com.n26.UserTests@145eaa29]" started-at="2025-04-08T01:27:05 CEST" name="getUserDetail_ByValidUsername" finished-at="2025-04-08T01:27:05 CEST" duration-ms="29" status="PASS">
          <reporter-output>
          </reporter-output>
        </test-method> <!-- getUserDetail_ByValidUsername -->
        <test-method is-config="true" signature="beforeMethod(java.lang.reflect.Method)[pri:0, instance:com.n26.UserTests@145eaa29]" started-at="2025-04-08T01:27:05 CEST" name="beforeMethod" finished-at="2025-04-08T01:27:05 CEST" duration-ms="0" status="PASS">
          <params>
            <param index="0">
              <value>
                <![CDATA[public void com.n26.UserTests.getUserDetail_ByValidUsername()]]>
              </value>
            </param>
          </params>
          <reporter-output>
          </reporter-output>
        </test-method> <!-- beforeMethod -->
        <test-method is-config="true" signature="tearDown()[pri:0, instance:com.n26.UserTests@145eaa29]" started-at="2025-04-08T01:27:05 CEST" name="tearDown" finished-at="2025-04-08T01:27:05 CEST" duration-ms="4" status="PASS">
          <reporter-output>
          </reporter-output>
        </test-method> <!-- tearDown -->
        <test-method is-config="true" signature="beforeMethod(java.lang.reflect.Method)[pri:0, instance:com.n26.UserTests@145eaa29]" started-at="2025-04-08T01:27:05 CEST" name="beforeMethod" finished-at="2025-04-08T01:27:05 CEST" duration-ms="1" status="PASS">
          <params>
            <param index="0">
              <value>
                <![CDATA[public void com.n26.UserTests.updateUserDetail_withValidData_shouldBeUpdatedSuccessfully()]]>
              </value>
            </param>
          </params>
          <reporter-output>
          </reporter-output>
        </test-method> <!-- beforeMethod -->
        <test-method signature="updateUserDetail_withValidData_shouldBeUpdatedSuccessfully()[pri:2, instance:com.n26.UserTests@145eaa29]" started-at="2025-04-08T01:27:05 CEST" name="updateUserDetail_withValidData_shouldBeUpdatedSuccessfully" finished-at="2025-04-08T01:27:05 CEST" duration-ms="13" status="PASS">
          <reporter-output>
          </reporter-output>
        </test-method> <!-- updateUserDetail_withValidData_shouldBeUpdatedSuccessfully -->
        <test-method is-config="true" signature="tearDown()[pri:0, instance:com.n26.UserTests@145eaa29]" started-at="2025-04-08T01:27:05 CEST" name="tearDown" finished-at="2025-04-08T01:27:05 CEST" duration-ms="4" status="PASS">
          <reporter-output>
          </reporter-output>
        </test-method> <!-- tearDown -->
        <test-method signature="deleteUser_withValidData_shouldBeDeletedSuccessfully()[pri:3, instance:com.n26.UserTests@145eaa29]" started-at="2025-04-08T01:27:05 CEST" name="deleteUser_withValidData_shouldBeDeletedSuccessfully" finished-at="2025-04-08T01:27:05 CEST" duration-ms="43" status="PASS">
          <reporter-output>
          </reporter-output>
        </test-method> <!-- deleteUser_withValidData_shouldBeDeletedSuccessfully -->
        <test-method is-config="true" signature="beforeMethod(java.lang.reflect.Method)[pri:0, instance:com.n26.UserTests@145eaa29]" started-at="2025-04-08T01:27:05 CEST" name="beforeMethod" finished-at="2025-04-08T01:27:05 CEST" duration-ms="0" status="PASS">
          <params>
            <param index="0">
              <value>
                <![CDATA[public void com.n26.UserTests.deleteUser_withValidData_shouldBeDeletedSuccessfully()]]>
              </value>
            </param>
          </params>
          <reporter-output>
          </reporter-output>
        </test-method> <!-- beforeMethod -->
        <test-method is-config="true" signature="tearDown()[pri:0, instance:com.n26.UserTests@145eaa29]" started-at="2025-04-08T01:27:05 CEST" name="tearDown" finished-at="2025-04-08T01:27:05 CEST" duration-ms="5" status="PASS">
          <reporter-output>
          </reporter-output>
        </test-method> <!-- tearDown -->
      </class> <!-- com.n26.UserTests -->
    </test> <!-- Surefire test -->
  </suite> <!-- Surefire suite -->
</testng-results>
